2025-10-21 12:39:30.519 INFO  c.k.katalon.core.main.TestSuiteExecutor  - START Test Suites/TS_GitJenkins
2025-10-21 12:39:30.839 INFO  c.k.katalon.core.main.TestSuiteExecutor  - userFullName = Siti Sarah Pusdikasari
2025-10-21 12:39:30.842 INFO  c.k.katalon.core.main.TestSuiteExecutor  - projectName = KatalonTest2
2025-10-21 12:39:30.842 INFO  c.k.katalon.core.main.TestSuiteExecutor  - hostName = HP - DESKTOP-8U19AHR
2025-10-21 12:39:30.844 INFO  c.k.katalon.core.main.TestSuiteExecutor  - os = Windows 11 64bit
2025-10-21 12:39:30.844 INFO  c.k.katalon.core.main.TestSuiteExecutor  - hostAddress = 192.168.0.110
2025-10-21 12:39:30.847 INFO  c.k.katalon.core.main.TestSuiteExecutor  - katalonVersion = 10.3.2.0
2025-10-21 12:39:31.885 INFO  c.k.katalon.core.main.TestCaseExecutor   - --------------------
2025-10-21 12:39:31.886 INFO  c.k.katalon.core.main.TestCaseExecutor   - START Test Cases/Login_OrangeHRM
2025-10-21 12:39:32.508 DEBUG testcase.Login_OrangeHRM                 - 1: openBrowser("https://opensource-demo.orangehrmlive.com/")
2025-10-21 12:39:33.054 INFO  c.k.k.core.webui.driver.DriverFactory    - Starting 'Chrome' driver
2025-10-21 12:39:33.154 INFO  c.k.k.core.webui.driver.DriverFactory    - Action delay is set to 0 milliseconds
Oct 21, 2025 12:39:36 PM org.openqa.selenium.devtools.CdpVersionFinder findNearestMatch
WARNING: Unable to find an exact match for CDP version 141, returning the closest version; found: 138; Please update to a Selenium version that supports CDP version 141
2025-10-21 12:39:37.655 INFO  c.k.k.core.webui.driver.DriverFactory    - sessionId = 46e060c41e9d0b68f856471b05d10d73
2025-10-21 12:39:37.657 INFO  c.k.k.core.webui.driver.DriverFactory    - browser = Chrome 141.0.7390.77
2025-10-21 12:39:37.657 INFO  c.k.k.core.webui.driver.DriverFactory    - platform = Windows 11
2025-10-21 12:39:37.657 INFO  c.k.k.core.webui.driver.DriverFactory    - seleniumVersion = 4.28.1
2025-10-21 12:39:37.679 INFO  c.k.k.core.webui.driver.DriverFactory    - proxyInformation = ProxyInformation { proxyOption=NO_PROXY, proxyServerType=HTTP, username=, password=********, proxyServerAddress=, proxyServerPort=0, executionList="", isApplyToDesiredCapabilities=true }
2025-10-21 12:39:42.050 DEBUG testcase.Login_OrangeHRM                 - 2: setText(findTestObject("Page_OrangeHRM/txtUsername"), "Admin")
2025-10-21 12:39:44.039 DEBUG testcase.Login_OrangeHRM                 - 3: setText(findTestObject("Page_OrangeHRM/txtPass"), "admin123")
2025-10-21 12:39:44.964 DEBUG testcase.Login_OrangeHRM                 - 4: click(findTestObject("Page_OrangeHRM/btnLogin"))
2025-10-21 12:39:45.432 DEBUG testcase.Login_OrangeHRM                 - 5: takeFullPageScreenshot()
2025-10-21 12:39:47.247 INFO  c.kms.katalon.core.webui.util.FileUtil   - 0 hidden object(s)
2025-10-21 12:39:47.416 DEBUG testcase.Login_OrangeHRM                 - 6: closeBrowser()
2025-10-21 12:39:48.621 INFO  c.k.katalon.core.main.TestCaseExecutor   - END Test Cases/Login_OrangeHRM
2025-10-21 12:39:48.687 INFO  c.k.katalon.core.main.TestSuiteExecutor  - --------------------
2025-10-21 12:39:48.687 INFO  c.k.katalon.core.main.TestSuiteExecutor  - END Test Suites/TS_GitJenkins
2025-10-21 12:39:48.693 INFO  c.k.katalon.core.main.TestSuiteExecutor  - ====================
